SF:C:\Users\yran\Desktop\ConectaAtende-API-\src\ConectaAtende.Application\Services\ContactService.cs
FN:83,ConectaAtende.Application.DTOs.ContactDto ConectaAtende.Application.Services.ContactService::MapToDto(ConectaAtende.Domain.Entities.Contact)
FNDA:9,ConectaAtende.Application.DTOs.ContactDto ConectaAtende.Application.Services.ContactService::MapToDto(ConectaAtende.Domain.Entities.Contact)
DA:84,9
DA:85,9
DA:86,9
DA:87,9
DA:88,9
DA:89,9
DA:90,9
DA:91,9
DA:92,9
DA:93,9
FN:10,System.Void ConectaAtende.Application.Services.ContactService::.ctor(ConectaAtende.Domain.Repositories.IContactRepository)
FNDA:6,System.Void ConectaAtende.Application.Services.ContactService::.ctor(ConectaAtende.Domain.Repositories.IContactRepository)
DA:11,6
DA:12,6
DA:13,6
DA:14,6
FN:54,System.Void ConectaAtende.Application.Services.ContactService/<CreateAsync>d__6::MoveNext()
FNDA:7,System.Void ConectaAtende.Application.Services.ContactService/<CreateAsync>d__6::MoveNext()
DA:55,7
DA:56,7
DA:57,1
DA:59,6
DA:60,6
DA:61,6
DA:62,6
BRDA:56,36,0,1
BRDA:56,36,1,6
FN:78,System.Void ConectaAtende.Application.Services.ContactService/<DeleteAsync>d__8::MoveNext()
FNDA:0,System.Void ConectaAtende.Application.Services.ContactService/<DeleteAsync>d__8::MoveNext()
DA:79,0
DA:80,0
DA:81,0
FN:22,System.Void ConectaAtende.Application.Services.ContactService/<GetAllAsync>d__3::MoveNext()
FNDA:0,System.Void ConectaAtende.Application.Services.ContactService/<GetAllAsync>d__3::MoveNext()
DA:23,0
DA:24,0
DA:25,0
DA:27,0
DA:28,0
DA:29,0
DA:30,0
DA:31,0
DA:32,0
DA:33,0
DA:34,0
FN:16,System.Void ConectaAtende.Application.Services.ContactService/<GetByIdAsync>d__2::MoveNext()
FNDA:2,System.Void ConectaAtende.Application.Services.ContactService/<GetByIdAsync>d__2::MoveNext()
DA:17,2
DA:18,2
DA:19,2
DA:20,2
BRDA:19,157,0,1
BRDA:19,157,1,1
FN:36,System.Void ConectaAtende.Application.Services.ContactService/<SearchByNameAsync>d__4::MoveNext()
FNDA:2,System.Void ConectaAtende.Application.Services.ContactService/<SearchByNameAsync>d__4::MoveNext()
DA:37,2
DA:38,2
DA:39,1
DA:41,1
DA:42,1
DA:43,2
BRDA:38,26,0,2
BRDA:38,26,1,0
BRDA:38,47,0,1
BRDA:38,47,1,1
FN:45,System.Void ConectaAtende.Application.Services.ContactService/<SearchByPhoneAsync>d__5::MoveNext()
FNDA:0,System.Void ConectaAtende.Application.Services.ContactService/<SearchByPhoneAsync>d__5::MoveNext()
DA:46,0
DA:47,0
DA:48,0
DA:50,0
DA:51,0
DA:52,0
BRDA:47,28,0,0
BRDA:47,28,1,0
FN:64,System.Void ConectaAtende.Application.Services.ContactService/<UpdateAsync>d__7::MoveNext()
FNDA:0,System.Void ConectaAtende.Application.Services.ContactService/<UpdateAsync>d__7::MoveNext()
DA:65,0
DA:66,0
DA:67,0
DA:68,0
DA:70,0
DA:71,0
DA:73,0
DA:74,0
DA:75,0
DA:76,0
BRDA:67,175,0,0
BRDA:67,175,1,0
BRDA:70,204,0,0
BRDA:70,204,1,0
LF:61
LH:31
BRF:14
BRH:7
FNF:9
FNH:5
end_of_record
SF:C:\Users\yran\Desktop\ConectaAtende-API-\src\ConectaAtende.Application\Services\TicketService.cs
FN:75,ConectaAtende.Application.DTOs.TicketDto ConectaAtende.Application.Services.TicketService::MapToDto(ConectaAtende.Domain.Entities.Ticket)
FNDA:9,ConectaAtende.Application.DTOs.TicketDto ConectaAtende.Application.Services.TicketService::MapToDto(ConectaAtende.Domain.Entities.Ticket)
DA:76,9
DA:77,9
DA:78,9
DA:79,9
DA:80,9
DA:81,9
DA:82,9
DA:83,9
DA:84,9
DA:85,9
DA:86,9
DA:87,9
DA:88,9
FN:13,System.Void ConectaAtende.Application.Services.TicketService::.ctor(ConectaAtende.Domain.Repositories.ITicketRepository,ConectaAtende.Domain.Repositories.IContactRepository,ConectaAtende.Domain.Services.ITriagePolicyService)
FNDA:6,System.Void ConectaAtende.Application.Services.TicketService::.ctor(ConectaAtende.Domain.Repositories.ITicketRepository,ConectaAtende.Domain.Repositories.IContactRepository,ConectaAtende.Domain.Services.ITriagePolicyService)
DA:14,6
DA:15,6
DA:16,6
DA:17,6
DA:18,6
DA:19,6
DA:20,6
DA:21,6
DA:22,6
FN:24,System.Void ConectaAtende.Application.Services.TicketService/<CreateAsync>d__4::MoveNext()
FNDA:5,System.Void ConectaAtende.Application.Services.TicketService/<CreateAsync>d__4::MoveNext()
DA:25,5
DA:26,5
DA:27,5
DA:28,1
DA:30,4
DA:31,4
DA:32,4
DA:33,4
DA:34,4
BRDA:27,173,0,1
BRDA:27,173,1,4
FN:61,System.Void ConectaAtende.Application.Services.TicketService/<DequeueAsync>d__8::MoveNext()
FNDA:1,System.Void ConectaAtende.Application.Services.TicketService/<DequeueAsync>d__8::MoveNext()
DA:62,1
DA:63,1
DA:64,1
DA:65,1
DA:67,1
DA:68,0
DA:70,1
DA:71,1
DA:72,1
DA:73,1
BRDA:67,214,0,0
BRDA:67,214,1,1
FN:42,System.Void ConectaAtende.Application.Services.TicketService/<EnqueueAsync>d__6::MoveNext()
FNDA:3,System.Void ConectaAtende.Application.Services.TicketService/<EnqueueAsync>d__6::MoveNext()
DA:43,3
DA:44,3
DA:45,3
DA:46,0
DA:48,3
DA:49,3
DA:50,3
DA:51,3
BRDA:45,175,0,0
BRDA:45,175,1,3
FN:36,System.Void ConectaAtende.Application.Services.TicketService/<GetByIdAsync>d__5::MoveNext()
FNDA:0,System.Void ConectaAtende.Application.Services.TicketService/<GetByIdAsync>d__5::MoveNext()
DA:37,0
DA:38,0
DA:39,0
DA:40,0
BRDA:39,157,0,0
BRDA:39,157,1,0
FN:53,System.Void ConectaAtende.Application.Services.TicketService/<GetNextAsync>d__7::MoveNext()
FNDA:2,System.Void ConectaAtende.Application.Services.TicketService/<GetNextAsync>d__7::MoveNext()
DA:54,2
DA:55,2
DA:56,2
DA:57,2
DA:58,2
DA:59,2
BRDA:58,196,0,1
BRDA:58,196,1,1
LF:59
LH:53
BRF:10
BRH:6
FNF:7
FNH:6
end_of_record
SF:C:\Users\yran\Desktop\ConectaAtende-API-\src\ConectaAtende.Application\DTOs\ContactDto.cs
FN:4,System.Guid ConectaAtende.Application.DTOs.ContactDto::get_Id()
FNDA:27,System.Guid ConectaAtende.Application.DTOs.ContactDto::get_Id()
DA:5,27
FN:5,System.String ConectaAtende.Application.DTOs.ContactDto::get_Name()
FNDA:36,System.String ConectaAtende.Application.DTOs.ContactDto::get_Name()
DA:6,36
FN:6,System.Collections.Generic.List`1<System.String> ConectaAtende.Application.DTOs.ContactDto::get_Phones()
FNDA:35,System.Collections.Generic.List`1<System.String> ConectaAtende.Application.DTOs.ContactDto::get_Phones()
DA:7,35
FN:7,System.DateTime ConectaAtende.Application.DTOs.ContactDto::get_CreatedAt()
FNDA:17,System.DateTime ConectaAtende.Application.DTOs.ContactDto::get_CreatedAt()
DA:8,17
FN:8,System.DateTime ConectaAtende.Application.DTOs.ContactDto::get_UpdatedAt()
FNDA:17,System.DateTime ConectaAtende.Application.DTOs.ContactDto::get_UpdatedAt()
DA:9,17
FN:13,System.String ConectaAtende.Application.DTOs.CreateContactDto::get_Name()
FNDA:27,System.String ConectaAtende.Application.DTOs.CreateContactDto::get_Name()
DA:14,27
FN:14,System.Collections.Generic.List`1<System.String> ConectaAtende.Application.DTOs.CreateContactDto::get_Phones()
FNDA:20,System.Collections.Generic.List`1<System.String> ConectaAtende.Application.DTOs.CreateContactDto::get_Phones()
DA:15,20
FN:19,System.String ConectaAtende.Application.DTOs.UpdateContactDto::get_Name()
FNDA:0,System.String ConectaAtende.Application.DTOs.UpdateContactDto::get_Name()
DA:20,0
FN:20,System.Collections.Generic.List`1<System.String> ConectaAtende.Application.DTOs.UpdateContactDto::get_Phones()
FNDA:0,System.Collections.Generic.List`1<System.String> ConectaAtende.Application.DTOs.UpdateContactDto::get_Phones()
DA:21,0
FN:25,System.Collections.Generic.List`1<T> ConectaAtende.Application.DTOs.PaginatedResult`1::get_Items()
FNDA:0,System.Collections.Generic.List`1<T> ConectaAtende.Application.DTOs.PaginatedResult`1::get_Items()
DA:26,0
FN:26,System.Int32 ConectaAtende.Application.DTOs.PaginatedResult`1::get_Page()
FNDA:0,System.Int32 ConectaAtende.Application.DTOs.PaginatedResult`1::get_Page()
DA:27,0
FN:27,System.Int32 ConectaAtende.Application.DTOs.PaginatedResult`1::get_PageSize()
FNDA:0,System.Int32 ConectaAtende.Application.DTOs.PaginatedResult`1::get_PageSize()
DA:28,0
FN:28,System.Int32 ConectaAtende.Application.DTOs.PaginatedResult`1::get_TotalCount()
FNDA:0,System.Int32 ConectaAtende.Application.DTOs.PaginatedResult`1::get_TotalCount()
DA:29,0
FN:29,System.Int32 ConectaAtende.Application.DTOs.PaginatedResult`1::get_TotalPages()
FNDA:0,System.Int32 ConectaAtende.Application.DTOs.PaginatedResult`1::get_TotalPages()
DA:30,0
LF:14
LH:7
BRF:0
BRH:0
FNF:14
FNH:7
end_of_record
SF:C:\Users\yran\Desktop\ConectaAtende-API-\src\ConectaAtende.Application\DTOs\TicketDto.cs
FN:4,System.Guid ConectaAtende.Application.DTOs.TicketDto::get_Id()
FNDA:15,System.Guid ConectaAtende.Application.DTOs.TicketDto::get_Id()
DA:5,15
FN:5,System.Guid ConectaAtende.Application.DTOs.TicketDto::get_ContactId()
FNDA:10,System.Guid ConectaAtende.Application.DTOs.TicketDto::get_ContactId()
DA:6,10
FN:6,System.String ConectaAtende.Application.DTOs.TicketDto::get_Description()
FNDA:19,System.String ConectaAtende.Application.DTOs.TicketDto::get_Description()
DA:7,19
FN:7,System.String ConectaAtende.Application.DTOs.TicketDto::get_Status()
FNDA:21,System.String ConectaAtende.Application.DTOs.TicketDto::get_Status()
DA:8,21
FN:8,System.String ConectaAtende.Application.DTOs.TicketDto::get_Priority()
FNDA:19,System.String ConectaAtende.Application.DTOs.TicketDto::get_Priority()
DA:9,19
FN:9,System.DateTime ConectaAtende.Application.DTOs.TicketDto::get_CreatedAt()
FNDA:9,System.DateTime ConectaAtende.Application.DTOs.TicketDto::get_CreatedAt()
DA:10,9
FN:10,System.Nullable`1<System.DateTime> ConectaAtende.Application.DTOs.TicketDto::get_QueuedAt()
FNDA:10,System.Nullable`1<System.DateTime> ConectaAtende.Application.DTOs.TicketDto::get_QueuedAt()
DA:11,10
FN:11,System.Nullable`1<System.DateTime> ConectaAtende.Application.DTOs.TicketDto::get_DequeuedAt()
FNDA:10,System.Nullable`1<System.DateTime> ConectaAtende.Application.DTOs.TicketDto::get_DequeuedAt()
DA:12,10
FN:16,System.Guid ConectaAtende.Application.DTOs.CreateTicketDto::get_ContactId()
FNDA:14,System.Guid ConectaAtende.Application.DTOs.CreateTicketDto::get_ContactId()
DA:17,14
FN:17,System.String ConectaAtende.Application.DTOs.CreateTicketDto::get_Description()
FNDA:14,System.String ConectaAtende.Application.DTOs.CreateTicketDto::get_Description()
DA:18,14
FN:18,System.String ConectaAtende.Application.DTOs.CreateTicketDto::get_Priority()
FNDA:14,System.String ConectaAtende.Application.DTOs.CreateTicketDto::get_Priority()
DA:19,14
LF:11
LH:11
BRF:0
BRH:0
FNF:11
FNH:11
end_of_record
SF:C:\Users\yran\Desktop\ConectaAtende-API-\src\ConectaAtende.Domain\Entities\Contact.cs
FN:4,System.Guid ConectaAtende.Domain.Entities.Contact::get_Id()
FNDA:201,System.Guid ConectaAtende.Domain.Entities.Contact::get_Id()
DA:5,201
FN:5,System.String ConectaAtende.Domain.Entities.Contact::get_Name()
FNDA:147,System.String ConectaAtende.Domain.Entities.Contact::get_Name()
DA:6,147
FN:6,System.Collections.Generic.List`1<System.String> ConectaAtende.Domain.Entities.Contact::get_Phones()
FNDA:146,System.Collections.Generic.List`1<System.String> ConectaAtende.Domain.Entities.Contact::get_Phones()
DA:7,146
FN:7,System.DateTime ConectaAtende.Domain.Entities.Contact::get_CreatedAt()
FNDA:64,System.DateTime ConectaAtende.Domain.Entities.Contact::get_CreatedAt()
DA:8,64
FN:8,System.DateTime ConectaAtende.Domain.Entities.Contact::get_UpdatedAt()
FNDA:66,System.DateTime ConectaAtende.Domain.Entities.Contact::get_UpdatedAt()
DA:9,66
FN:24,System.Void ConectaAtende.Domain.Entities.Contact::Update(System.String,System.Collections.Generic.List`1<System.String>)
FNDA:2,System.Void ConectaAtende.Domain.Entities.Contact::Update(System.String,System.Collections.Generic.List`1<System.String>)
DA:25,2
DA:26,2
DA:27,2
DA:28,2
DA:29,2
FN:31,System.Collections.Generic.List`1<System.String> ConectaAtende.Domain.Entities.Contact::NormalizePhones(System.Collections.Generic.List`1<System.String>)
FNDA:36,System.Collections.Generic.List`1<System.String> ConectaAtende.Domain.Entities.Contact::NormalizePhones(System.Collections.Generic.List`1<System.String>)
DA:32,36
DA:33,73
DA:34,36
FN:10,System.Void ConectaAtende.Domain.Entities.Contact::.ctor()
FNDA:38,System.Void ConectaAtende.Domain.Entities.Contact::.ctor()
DA:11,38
DA:12,38
DA:13,38
DA:14,38
DA:15,38
DA:16,38
FN:17,System.Void ConectaAtende.Domain.Entities.Contact::.ctor(System.String,System.Collections.Generic.List`1<System.String>)
FNDA:34,System.Void ConectaAtende.Domain.Entities.Contact::.ctor(System.String,System.Collections.Generic.List`1<System.String>)
DA:18,34
DA:19,34
DA:20,34
DA:21,34
DA:22,34
LF:24
LH:24
BRF:0
BRH:0
FNF:9
FNH:9
end_of_record
SF:C:\Users\yran\Desktop\ConectaAtende-API-\src\ConectaAtende.Domain\Entities\Ticket.cs
FN:20,System.Guid ConectaAtende.Domain.Entities.Ticket::get_Id()
FNDA:44,System.Guid ConectaAtende.Domain.Entities.Ticket::get_Id()
DA:21,44
FN:21,System.Guid ConectaAtende.Domain.Entities.Ticket::get_ContactId()
FNDA:30,System.Guid ConectaAtende.Domain.Entities.Ticket::get_ContactId()
DA:22,30
FN:22,System.String ConectaAtende.Domain.Entities.Ticket::get_Description()
FNDA:50,System.String ConectaAtende.Domain.Entities.Ticket::get_Description()
DA:23,50
FN:23,ConectaAtende.Domain.Entities.TicketStatus ConectaAtende.Domain.Entities.Ticket::get_Status()
FNDA:74,ConectaAtende.Domain.Entities.TicketStatus ConectaAtende.Domain.Entities.Ticket::get_Status()
DA:24,74
FN:24,ConectaAtende.Domain.Entities.TicketPriority ConectaAtende.Domain.Entities.Ticket::get_Priority()
FNDA:63,ConectaAtende.Domain.Entities.TicketPriority ConectaAtende.Domain.Entities.Ticket::get_Priority()
DA:25,63
FN:25,System.DateTime ConectaAtende.Domain.Entities.Ticket::get_CreatedAt()
FNDA:30,System.DateTime ConectaAtende.Domain.Entities.Ticket::get_CreatedAt()
DA:26,30
FN:26,System.Nullable`1<System.DateTime> ConectaAtende.Domain.Entities.Ticket::get_QueuedAt()
FNDA:39,System.Nullable`1<System.DateTime> ConectaAtende.Domain.Entities.Ticket::get_QueuedAt()
DA:27,39
FN:27,System.Nullable`1<System.DateTime> ConectaAtende.Domain.Entities.Ticket::get_DequeuedAt()
FNDA:14,System.Nullable`1<System.DateTime> ConectaAtende.Domain.Entities.Ticket::get_DequeuedAt()
DA:28,14
FN:45,System.Void ConectaAtende.Domain.Entities.Ticket::Enqueue()
FNDA:18,System.Void ConectaAtende.Domain.Entities.Ticket::Enqueue()
DA:46,18
DA:47,18
DA:48,1
DA:50,17
DA:51,17
DA:52,17
BRDA:47,12,0,1
BRDA:47,12,1,17
FN:54,System.Void ConectaAtende.Domain.Entities.Ticket::Dequeue()
FNDA:3,System.Void ConectaAtende.Domain.Entities.Ticket::Dequeue()
DA:55,3
DA:56,3
DA:57,1
DA:59,2
DA:60,2
DA:61,2
BRDA:56,15,0,1
BRDA:56,15,1,2
FN:63,System.Void ConectaAtende.Domain.Entities.Ticket::UpdateStatus(ConectaAtende.Domain.Entities.TicketStatus)
FNDA:0,System.Void ConectaAtende.Domain.Entities.Ticket::UpdateStatus(ConectaAtende.Domain.Entities.TicketStatus)
DA:64,0
DA:65,0
DA:66,0
FN:29,System.Void ConectaAtende.Domain.Entities.Ticket::.ctor()
FNDA:20,System.Void ConectaAtende.Domain.Entities.Ticket::.ctor()
DA:30,20
DA:31,20
DA:32,20
DA:33,20
DA:34,20
DA:35,20
DA:36,20
FN:37,System.Void ConectaAtende.Domain.Entities.Ticket::.ctor(System.Guid,System.String,ConectaAtende.Domain.Entities.TicketPriority)
FNDA:20,System.Void ConectaAtende.Domain.Entities.Ticket::.ctor(System.Guid,System.String,ConectaAtende.Domain.Entities.TicketPriority)
DA:38,20
DA:39,20
DA:40,20
DA:41,20
DA:42,20
DA:43,20
LF:36
LH:33
BRF:4
BRH:4
FNF:13
FNH:12
end_of_record
SF:C:\Users\yran\Desktop\ConectaAtende-API-\src\ConectaAtende.Infrastructure\Services\RecentContactsService.cs
FN:23,System.Void ConectaAtende.Infrastructure.Services.RecentContactsService::AddRecent(System.Guid)
FNDA:12,System.Void ConectaAtende.Infrastructure.Services.RecentContactsService::AddRecent(System.Guid)
DA:24,12
DA:25,12
DA:26,12
DA:27,1
DA:28,1
DA:29,1
DA:31,12
DA:33,13
DA:34,1
DA:35,1
DA:36,1
DA:37,12
BRDA:26,20,0,1
BRDA:26,20,1,12
BRDA:33,87,1,1
BRDA:33,87,0,12
FN:39,System.Void ConectaAtende.Infrastructure.Services.RecentContactsService::RemoveRecent(System.Guid)
FNDA:1,System.Void ConectaAtende.Infrastructure.Services.RecentContactsService::RemoveRecent(System.Guid)
DA:40,1
DA:41,1
DA:42,1
DA:43,1
DA:44,1
DA:45,1
DA:46,1
BRDA:42,20,0,1
BRDA:42,20,1,1
FN:13,System.Void ConectaAtende.Infrastructure.Services.RecentContactsService::.ctor(ConectaAtende.Domain.Repositories.IContactRepository,System.Int32)
FNDA:5,System.Void ConectaAtende.Infrastructure.Services.RecentContactsService::.ctor(ConectaAtende.Domain.Repositories.IContactRepository,System.Int32)
DA:14,5
DA:17,5
DA:18,5
DA:19,5
DA:20,5
DA:21,5
FN:48,System.Void ConectaAtende.Infrastructure.Services.RecentContactsService/<GetRecentAsync>d__6::MoveNext()
FNDA:5,System.Void ConectaAtende.Infrastructure.Services.RecentContactsService/<GetRecentAsync>d__6::MoveNext()
DA:49,5
DA:50,5
DA:51,5
DA:53,31
DA:54,8
DA:55,8
DA:56,8
DA:57,8
DA:58,8
DA:59,8
DA:60,8
DA:61,8
DA:62,8
DA:63,8
DA:64,8
DA:65,8
DA:66,8
DA:67,8
DA:69,5
DA:70,5
BRDA:53,399,1,8
BRDA:56,257,0,8
BRDA:56,257,1,8
BRDA:53,399,0,5
LF:45
LH:45
BRF:10
BRH:10
FNF:4
FNH:4
end_of_record
SF:C:\Users\yran\Desktop\ConectaAtende-API-\src\ConectaAtende.Infrastructure\Services\TriagePolicyService.cs
FN:15,ConectaAtende.Domain.Services.ITriagePolicy ConectaAtende.Infrastructure.Services.TriagePolicyService::GetCurrentPolicy()
FNDA:3,ConectaAtende.Domain.Services.ITriagePolicy ConectaAtende.Infrastructure.Services.TriagePolicyService::GetCurrentPolicy()
DA:16,3
DA:17,3
DA:18,3
FN:20,System.Void ConectaAtende.Infrastructure.Services.TriagePolicyService::SetPolicy(System.String)
FNDA:4,System.Void ConectaAtende.Infrastructure.Services.TriagePolicyService::SetPolicy(System.String)
DA:21,4
DA:22,4
DA:23,4
DA:24,1
DA:25,1
DA:26,1
DA:27,1
DA:28,4
DA:29,3
BRDA:22,23,0,3
BRDA:22,36,0,3
BRDA:22,49,0,2
BRDA:22,23,1,1
BRDA:22,36,1,1
BRDA:22,49,1,1
BRDA:22,62,1,1
BRDA:22,62,0,1
FN:31,System.String ConectaAtende.Infrastructure.Services.TriagePolicyService::GetCurrentPolicyName()
FNDA:4,System.String ConectaAtende.Infrastructure.Services.TriagePolicyService::GetCurrentPolicyName()
DA:32,4
DA:33,4
DA:34,4
FN:9,System.Void ConectaAtende.Infrastructure.Services.TriagePolicyService::.ctor()
FNDA:8,System.Void ConectaAtende.Infrastructure.Services.TriagePolicyService::.ctor()
DA:10,8
DA:11,8
DA:12,8
DA:13,8
LF:19
LH:19
BRF:8
BRH:8
FNF:4
FNH:4
end_of_record
SF:C:\Users\yran\Desktop\ConectaAtende-API-\src\ConectaAtende.Infrastructure\Services\UndoService.cs
FN:14,ConectaAtende.Infrastructure.Services.UndoOperationType ConectaAtende.Infrastructure.Services.UndoOperation::get_Type()
FNDA:7,ConectaAtende.Infrastructure.Services.UndoOperationType ConectaAtende.Infrastructure.Services.UndoOperation::get_Type()
DA:15,7
FN:15,ConectaAtende.Domain.Entities.Contact ConectaAtende.Infrastructure.Services.UndoOperation::get_Contact()
FNDA:12,ConectaAtende.Domain.Entities.Contact ConectaAtende.Infrastructure.Services.UndoOperation::get_Contact()
DA:16,12
FN:16,System.DateTime ConectaAtende.Infrastructure.Services.UndoOperation::get_Timestamp()
FNDA:4,System.DateTime ConectaAtende.Infrastructure.Services.UndoOperation::get_Timestamp()
DA:17,4
FN:34,System.Void ConectaAtende.Infrastructure.Services.UndoService::RecordCreate(ConectaAtende.Domain.Entities.Contact)
FNDA:2,System.Void ConectaAtende.Infrastructure.Services.UndoService::RecordCreate(ConectaAtende.Domain.Entities.Contact)
DA:35,2
DA:36,2
DA:37,2
DA:38,2
DA:39,2
DA:40,2
DA:41,2
DA:42,2
FN:44,System.Void ConectaAtende.Infrastructure.Services.UndoService::RecordUpdate(ConectaAtende.Domain.Entities.Contact)
FNDA:1,System.Void ConectaAtende.Infrastructure.Services.UndoService::RecordUpdate(ConectaAtende.Domain.Entities.Contact)
DA:45,1
DA:46,1
DA:47,1
DA:48,1
DA:49,1
DA:50,1
DA:51,1
DA:52,1
FN:54,System.Void ConectaAtende.Infrastructure.Services.UndoService::RecordDelete(ConectaAtende.Domain.Entities.Contact)
FNDA:1,System.Void ConectaAtende.Infrastructure.Services.UndoService::RecordDelete(ConectaAtende.Domain.Entities.Contact)
DA:55,1
DA:56,1
DA:57,1
DA:58,1
DA:59,1
DA:60,1
DA:61,1
DA:62,1
FN:63,System.Boolean ConectaAtende.Infrastructure.Services.UndoService::get_HasPendingOperations()
FNDA:1,System.Boolean ConectaAtende.Infrastructure.Services.UndoService::get_HasPendingOperations()
DA:64,1
FN:101,ConectaAtende.Domain.Entities.Contact ConectaAtende.Infrastructure.Services.UndoService::CloneContact(ConectaAtende.Domain.Entities.Contact)
FNDA:4,ConectaAtende.Domain.Entities.Contact ConectaAtende.Infrastructure.Services.UndoService::CloneContact(ConectaAtende.Domain.Entities.Contact)
DA:102,4
DA:103,4
DA:104,4
DA:105,4
DA:106,4
DA:107,4
DA:108,4
DA:109,4
DA:110,4
DA:111,4
FN:26,System.Void ConectaAtende.Infrastructure.Services.UndoService::.ctor(ConectaAtende.Domain.Repositories.IContactRepository)
FNDA:5,System.Void ConectaAtende.Infrastructure.Services.UndoService::.ctor(ConectaAtende.Domain.Repositories.IContactRepository)
DA:27,5
DA:29,5
DA:30,5
DA:31,5
DA:32,5
FN:66,System.Void ConectaAtende.Infrastructure.Services.UndoService/<UndoAsync>d__8::MoveNext()
FNDA:4,System.Void ConectaAtende.Infrastructure.Services.UndoService/<UndoAsync>d__8::MoveNext()
DA:67,4
DA:68,4
DA:69,1
DA:71,3
DA:73,3
DA:76,1
DA:77,1
DA:78,1
DA:81,1
DA:82,1
DA:83,1
DA:84,1
DA:85,1
DA:86,1
DA:87,1
DA:88,1
DA:89,1
DA:90,1
DA:93,1
DA:94,1
DA:95,1
DA:98,3
DA:99,4
BRDA:68,73,0,1
BRDA:68,73,1,3
BRDA:73,133,1,1
BRDA:76,173,0,1
BRDA:73,133,2,1
BRDA:81,324,0,1
BRDA:84,493,0,1
BRDA:84,493,1,1
BRDA:73,133,3,1
BRDA:93,691,0,1
BRDA:73,133,0,3
BRDA:76,173,1,3
BRDA:81,324,1,3
BRDA:93,691,1,3
LF:66
LH:66
BRF:14
BRH:14
FNF:10
FNH:10
end_of_record
SF:C:\Users\yran\Desktop\ConectaAtende-API-\src\ConectaAtende.Infrastructure\Services\TriagePolicies\FirstComeFirstServedPolicy.cs
FN:7,System.String ConectaAtende.Infrastructure.Services.TriagePolicies.FirstComeFirstServedPolicy::get_PolicyName()
FNDA:2,System.String ConectaAtende.Infrastructure.Services.TriagePolicies.FirstComeFirstServedPolicy::get_PolicyName()
DA:8,2
FN:10,ConectaAtende.Domain.Entities.Ticket ConectaAtende.Infrastructure.Services.TriagePolicies.FirstComeFirstServedPolicy::SelectNext(System.Collections.Generic.IEnumerable`1<ConectaAtende.Domain.Entities.Ticket>)
FNDA:4,ConectaAtende.Domain.Entities.Ticket ConectaAtende.Infrastructure.Services.TriagePolicies.FirstComeFirstServedPolicy::SelectNext(System.Collections.Generic.IEnumerable`1<ConectaAtende.Domain.Entities.Ticket>)
DA:11,4
DA:12,4
DA:13,5
DA:14,4
DA:15,4
BRDA:13,14,0,0
BRDA:13,14,1,5
LF:6
LH:6
BRF:2
BRH:1
FNF:2
FNH:2
end_of_record
SF:C:\Users\yran\Desktop\ConectaAtende-API-\src\ConectaAtende.Infrastructure\Services\TriagePolicies\MixedPolicy.cs
FN:7,System.String ConectaAtende.Infrastructure.Services.TriagePolicies.MixedPolicy::get_PolicyName()
FNDA:1,System.String ConectaAtende.Infrastructure.Services.TriagePolicies.MixedPolicy::get_PolicyName()
DA:8,1
FN:10,ConectaAtende.Domain.Entities.Ticket ConectaAtende.Infrastructure.Services.TriagePolicies.MixedPolicy::SelectNext(System.Collections.Generic.IEnumerable`1<ConectaAtende.Domain.Entities.Ticket>)
FNDA:2,ConectaAtende.Domain.Entities.Ticket ConectaAtende.Infrastructure.Services.TriagePolicies.MixedPolicy::SelectNext(System.Collections.Generic.IEnumerable`1<ConectaAtende.Domain.Entities.Ticket>)
DA:11,2
DA:12,2
DA:13,2
DA:14,2
DA:15,2
DA:16,2
DA:17,2
DA:19,2
DA:20,5
DA:21,1
DA:22,2
DA:24,2
DA:25,1
DA:26,1
DA:29,1
DA:30,2
DA:31,1
DA:32,1
DA:34,1
DA:35,1
DA:36,1
DA:39,0
DA:40,0
DA:41,0
DA:42,2
BRDA:24,121,0,1
BRDA:24,121,1,1
BRDA:34,226,0,1
BRDA:34,226,1,0
BRDA:21,14,0,0
BRDA:21,14,1,1
BRDA:31,14,0,0
BRDA:31,14,1,1
BRDA:40,14,0,0
BRDA:40,14,1,0
LF:26
LH:23
BRF:10
BRH:5
FNF:2
FNH:2
end_of_record
SF:C:\Users\yran\Desktop\ConectaAtende-API-\src\ConectaAtende.Infrastructure\Services\TriagePolicies\PriorityPolicy.cs
FN:7,System.String ConectaAtende.Infrastructure.Services.TriagePolicies.PriorityPolicy::get_PolicyName()
FNDA:1,System.String ConectaAtende.Infrastructure.Services.TriagePolicies.PriorityPolicy::get_PolicyName()
DA:8,1
FN:10,ConectaAtende.Domain.Entities.Ticket ConectaAtende.Infrastructure.Services.TriagePolicies.PriorityPolicy::SelectNext(System.Collections.Generic.IEnumerable`1<ConectaAtende.Domain.Entities.Ticket>)
FNDA:1,ConectaAtende.Domain.Entities.Ticket ConectaAtende.Infrastructure.Services.TriagePolicies.PriorityPolicy::SelectNext(System.Collections.Generic.IEnumerable`1<ConectaAtende.Domain.Entities.Ticket>)
DA:11,1
DA:12,1
DA:13,1
DA:14,1
DA:15,1
DA:16,1
DA:17,1
DA:19,1
DA:20,3
DA:21,3
DA:22,1
DA:23,1
BRDA:21,14,0,0
BRDA:21,14,1,3
LF:13
LH:13
BRF:2
BRH:1
FNF:2
FNH:2
end_of_record
SF:C:\Users\yran\Desktop\ConectaAtende-API-\src\ConectaAtende.Infrastructure\Repositories\InMemoryContactRepository.cs
FN:14,System.Threading.Tasks.Task`1<ConectaAtende.Domain.Entities.Contact> ConectaAtende.Infrastructure.Repositories.InMemoryContactRepository::GetByIdAsync(System.Guid)
FNDA:17,System.Threading.Tasks.Task`1<ConectaAtende.Domain.Entities.Contact> ConectaAtende.Infrastructure.Repositories.InMemoryContactRepository::GetByIdAsync(System.Guid)
DA:15,17
DA:16,17
DA:17,17
DA:18,17
FN:20,System.Threading.Tasks.Task`1<System.Collections.Generic.IEnumerable`1<ConectaAtende.Domain.Entities.Contact>> ConectaAtende.Infrastructure.Repositories.InMemoryContactRepository::GetAllAsync(System.Int32,System.Int32)
FNDA:0,System.Threading.Tasks.Task`1<System.Collections.Generic.IEnumerable`1<ConectaAtende.Domain.Entities.Contact>> ConectaAtende.Infrastructure.Repositories.InMemoryContactRepository::GetAllAsync(System.Int32,System.Int32)
DA:21,0
DA:22,0
DA:23,0
DA:24,0
DA:25,0
DA:27,0
DA:28,0
FN:30,System.Threading.Tasks.Task`1<System.Collections.Generic.IEnumerable`1<ConectaAtende.Domain.Entities.Contact>> ConectaAtende.Infrastructure.Repositories.InMemoryContactRepository::SearchByNameAsync(System.String)
FNDA:1,System.Threading.Tasks.Task`1<System.Collections.Generic.IEnumerable`1<ConectaAtende.Domain.Entities.Contact>> ConectaAtende.Infrastructure.Repositories.InMemoryContactRepository::SearchByNameAsync(System.String)
DA:31,1
DA:32,1
DA:33,0
DA:35,1
DA:36,1
DA:38,9
DA:39,3
DA:40,3
DA:41,2
DA:42,10
DA:43,2
DA:44,2
DA:45,2
DA:46,2
DA:47,2
DA:48,2
DA:49,2
DA:50,3
DA:52,1
DA:53,1
BRDA:32,7,0,1
BRDA:32,7,1,0
BRDA:32,23,0,0
BRDA:32,23,1,1
BRDA:38,195,1,3
BRDA:40,97,0,2
BRDA:42,167,1,2
BRDA:44,146,0,2
BRDA:44,146,1,2
BRDA:42,167,0,2
BRDA:40,97,1,3
BRDA:38,195,0,1
FN:55,System.Threading.Tasks.Task`1<System.Collections.Generic.IEnumerable`1<ConectaAtende.Domain.Entities.Contact>> ConectaAtende.Infrastructure.Repositories.InMemoryContactRepository::SearchByPhoneAsync(System.String)
FNDA:1,System.Threading.Tasks.Task`1<System.Collections.Generic.IEnumerable`1<ConectaAtende.Domain.Entities.Contact>> ConectaAtende.Infrastructure.Repositories.InMemoryContactRepository::SearchByPhoneAsync(System.String)
DA:56,1
DA:57,1
DA:58,0
DA:60,1
DA:61,1
DA:63,1
DA:64,1
DA:65,5
DA:66,1
DA:67,1
DA:68,1
DA:69,1
DA:70,1
DA:71,1
DA:72,1
DA:74,1
DA:75,1
BRDA:57,9,0,0
BRDA:57,9,1,1
BRDA:63,96,0,1
BRDA:65,160,1,1
BRDA:67,139,0,1
BRDA:67,139,1,1
BRDA:65,160,0,1
BRDA:63,96,1,1
FN:77,System.Threading.Tasks.Task`1<ConectaAtende.Domain.Entities.Contact> ConectaAtende.Infrastructure.Repositories.InMemoryContactRepository::AddAsync(ConectaAtende.Domain.Entities.Contact)
FNDA:30,System.Threading.Tasks.Task`1<ConectaAtende.Domain.Entities.Contact> ConectaAtende.Infrastructure.Repositories.InMemoryContactRepository::AddAsync(ConectaAtende.Domain.Entities.Contact)
DA:78,30
DA:79,30
DA:80,30
DA:81,30
DA:82,30
FN:84,System.Threading.Tasks.Task`1<ConectaAtende.Domain.Entities.Contact> ConectaAtende.Infrastructure.Repositories.InMemoryContactRepository::UpdateAsync(ConectaAtende.Domain.Entities.Contact)
FNDA:3,System.Threading.Tasks.Task`1<ConectaAtende.Domain.Entities.Contact> ConectaAtende.Infrastructure.Repositories.InMemoryContactRepository::UpdateAsync(ConectaAtende.Domain.Entities.Contact)
DA:85,3
DA:86,3
DA:87,0
DA:89,3
DA:90,3
DA:91,3
DA:93,3
DA:94,3
BRDA:86,23,0,0
BRDA:86,23,1,3
FN:96,System.Threading.Tasks.Task`1<System.Boolean> ConectaAtende.Infrastructure.Repositories.InMemoryContactRepository::DeleteAsync(System.Guid)
FNDA:3,System.Threading.Tasks.Task`1<System.Boolean> ConectaAtende.Infrastructure.Repositories.InMemoryContactRepository::DeleteAsync(System.Guid)
DA:97,3
DA:98,3
DA:99,0
DA:101,3
DA:102,3
DA:103,3
DA:104,3
BRDA:98,18,0,0
BRDA:98,18,1,3
FN:106,System.Threading.Tasks.Task`1<System.Boolean> ConectaAtende.Infrastructure.Repositories.InMemoryContactRepository::ExistsAsync(System.Guid)
FNDA:5,System.Threading.Tasks.Task`1<System.Boolean> ConectaAtende.Infrastructure.Repositories.InMemoryContactRepository::ExistsAsync(System.Guid)
DA:107,5
DA:108,5
DA:109,5
FN:111,System.Void ConectaAtende.Infrastructure.Repositories.InMemoryContactRepository::UpdateIndexes(ConectaAtende.Domain.Entities.Contact)
FNDA:33,System.Void ConectaAtende.Infrastructure.Repositories.InMemoryContactRepository::UpdateIndexes(ConectaAtende.Domain.Entities.Contact)
DA:112,33
DA:113,33
DA:114,33
DA:115,33
DA:116,33
DA:117,33
DA:118,33
DA:120,167
DA:121,34
DA:122,34
DA:123,34
DA:124,28
DA:125,28
DA:126,28
DA:127,34
DA:128,34
DA:129,33
BRDA:114,30,0,33
BRDA:114,30,1,33
BRDA:120,221,1,34
BRDA:123,165,0,28
BRDA:123,165,1,34
BRDA:120,221,0,33
FN:131,System.Void ConectaAtende.Infrastructure.Repositories.InMemoryContactRepository::RemoveFromIndexes(System.Guid)
FNDA:6,System.Void ConectaAtende.Infrastructure.Repositories.InMemoryContactRepository::RemoveFromIndexes(System.Guid)
DA:132,6
DA:133,6
DA:134,0
DA:136,6
DA:137,6
DA:138,4
DA:139,4
DA:140,4
DA:141,4
DA:142,4
DA:143,4
DA:144,4
DA:146,32
DA:147,7
DA:148,7
DA:149,7
DA:150,5
DA:151,5
DA:152,5
DA:153,5
DA:154,5
DA:155,5
DA:156,5
DA:157,7
DA:158,6
BRDA:133,20,1,6
BRDA:137,57,0,4
BRDA:140,81,0,4
BRDA:140,81,1,4
BRDA:137,57,1,6
BRDA:146,243,1,7
BRDA:149,190,0,5
BRDA:152,216,0,5
BRDA:152,216,1,5
BRDA:149,190,1,7
BRDA:146,243,0,6
BRDA:133,20,0,6
FN:160,System.String ConectaAtende.Infrastructure.Repositories.InMemoryContactRepository::NormalizeString(System.String)
FNDA:40,System.String ConectaAtende.Infrastructure.Repositories.InMemoryContactRepository::NormalizeString(System.String)
DA:161,40
DA:162,40
DA:163,40
DA:165,1018
DA:166,449
DA:167,449
DA:168,449
DA:169,432
DA:170,432
DA:171,432
DA:172,449
DA:174,40
DA:175,40
BRDA:165,78,1,449
BRDA:168,53,0,432
BRDA:168,53,1,449
BRDA:165,78,0,40
FN:9,System.Void ConectaAtende.Infrastructure.Repositories.InMemoryContactRepository::.ctor()
FNDA:27,System.Void ConectaAtende.Infrastructure.Repositories.InMemoryContactRepository::.ctor()
DA:10,27
DA:11,27
DA:12,27
LF:129
LH:117
BRF:46
BRH:41
FNF:12
FNH:11
end_of_record
SF:C:\Users\yran\Desktop\ConectaAtende-API-\src\ConectaAtende.Infrastructure\Repositories\InMemoryTicketRepository.cs
FN:10,System.Threading.Tasks.Task`1<ConectaAtende.Domain.Entities.Ticket> ConectaAtende.Infrastructure.Repositories.InMemoryTicketRepository::GetByIdAsync(System.Guid)
FNDA:3,System.Threading.Tasks.Task`1<ConectaAtende.Domain.Entities.Ticket> ConectaAtende.Infrastructure.Repositories.InMemoryTicketRepository::GetByIdAsync(System.Guid)
DA:11,3
DA:12,3
DA:13,3
DA:14,3
FN:16,System.Threading.Tasks.Task`1<ConectaAtende.Domain.Entities.Ticket> ConectaAtende.Infrastructure.Repositories.InMemoryTicketRepository::AddAsync(ConectaAtende.Domain.Entities.Ticket)
FNDA:4,System.Threading.Tasks.Task`1<ConectaAtende.Domain.Entities.Ticket> ConectaAtende.Infrastructure.Repositories.InMemoryTicketRepository::AddAsync(ConectaAtende.Domain.Entities.Ticket)
DA:17,4
DA:18,4
DA:19,4
DA:20,4
FN:22,System.Threading.Tasks.Task`1<ConectaAtende.Domain.Entities.Ticket> ConectaAtende.Infrastructure.Repositories.InMemoryTicketRepository::UpdateAsync(ConectaAtende.Domain.Entities.Ticket)
FNDA:4,System.Threading.Tasks.Task`1<ConectaAtende.Domain.Entities.Ticket> ConectaAtende.Infrastructure.Repositories.InMemoryTicketRepository::UpdateAsync(ConectaAtende.Domain.Entities.Ticket)
DA:23,4
DA:24,4
DA:25,0
DA:27,4
DA:28,4
DA:29,4
BRDA:24,23,0,0
BRDA:24,23,1,4
FN:31,System.Threading.Tasks.Task`1<System.Boolean> ConectaAtende.Infrastructure.Repositories.InMemoryTicketRepository::ExistsAsync(System.Guid)
FNDA:0,System.Threading.Tasks.Task`1<System.Boolean> ConectaAtende.Infrastructure.Repositories.InMemoryTicketRepository::ExistsAsync(System.Guid)
DA:32,0
DA:33,0
DA:34,0
FN:36,System.Threading.Tasks.Task`1<System.Collections.Generic.IEnumerable`1<ConectaAtende.Domain.Entities.Ticket>> ConectaAtende.Infrastructure.Repositories.InMemoryTicketRepository::GetQueuedTicketsAsync()
FNDA:3,System.Threading.Tasks.Task`1<System.Collections.Generic.IEnumerable`1<ConectaAtende.Domain.Entities.Ticket>> ConectaAtende.Infrastructure.Repositories.InMemoryTicketRepository::GetQueuedTicketsAsync()
DA:37,3
DA:38,3
DA:39,2
DA:40,3
DA:42,3
DA:43,3
FN:7,System.Void ConectaAtende.Infrastructure.Repositories.InMemoryTicketRepository::.ctor()
FNDA:6,System.Void ConectaAtende.Infrastructure.Repositories.InMemoryTicketRepository::.ctor()
DA:8,6
LF:24
LH:20
BRF:2
BRH:1
FNF:6
FNH:5
end_of_record
SF:C:\Users\yran\Desktop\ConectaAtende-API-\src\ConectaAtende.Infrastructure\DataStructures\CustomHashTable.cs
FN:18,System.Int32 ConectaAtende.Infrastructure.DataStructures.CustomHashTable`2::get_Count()
FNDA:0,System.Int32 ConectaAtende.Infrastructure.DataStructures.CustomHashTable`2::get_Count()
DA:19,0
FN:19,System.Int32 ConectaAtende.Infrastructure.DataStructures.CustomHashTable`2::get_Capacity()
FNDA:0,System.Int32 ConectaAtende.Infrastructure.DataStructures.CustomHashTable`2::get_Capacity()
DA:20,0
FN:32,System.Void ConectaAtende.Infrastructure.DataStructures.CustomHashTable`2::Insert(TKey,TValue)
FNDA:0,System.Void ConectaAtende.Infrastructure.DataStructures.CustomHashTable`2::Insert(TKey,TValue)
DA:33,0
DA:34,0
DA:35,0
DA:37,0
DA:39,0
DA:40,0
DA:41,0
DA:42,0
DA:44,0
DA:45,0
DA:47,0
DA:48,0
DA:50,0
DA:51,0
DA:53,0
DA:55,0
DA:56,0
DA:59,0
DA:60,0
DA:61,0
DA:62,0
DA:63,0
DA:64,0
BRDA:34,12,0,0
BRDA:34,12,1,0
BRDA:39,48,0,0
BRDA:39,48,1,0
BRDA:47,90,0,0
BRDA:47,90,1,0
BRDA:59,161,0,0
BRDA:59,161,1,0
FN:69,System.Boolean ConectaAtende.Infrastructure.DataStructures.CustomHashTable`2::TryGetValue(TKey,TValue&)
FNDA:0,System.Boolean ConectaAtende.Infrastructure.DataStructures.CustomHashTable`2::TryGetValue(TKey,TValue&)
DA:70,0
DA:71,0
DA:73,0
DA:74,0
DA:76,0
DA:77,0
DA:79,0
DA:80,0
DA:82,0
DA:83,0
DA:84,0
DA:85,0
DA:86,0
DA:89,0
DA:90,0
BRDA:73,19,0,0
BRDA:73,19,1,0
BRDA:79,51,0,0
BRDA:79,51,1,0
BRDA:83,74,0,0
BRDA:83,74,1,0
FN:95,System.Boolean ConectaAtende.Infrastructure.DataStructures.CustomHashTable`2::Remove(TKey)
FNDA:0,System.Boolean ConectaAtende.Infrastructure.DataStructures.CustomHashTable`2::Remove(TKey)
DA:96,0
DA:97,0
DA:98,0
DA:100,0
DA:101,0
DA:103,0
DA:104,0
DA:106,0
DA:107,0
DA:108,0
DA:109,0
DA:112,0
DA:113,0
BRDA:97,12,0,0
BRDA:97,12,1,0
BRDA:103,43,0,0
BRDA:103,43,1,0
BRDA:106,60,0,0
BRDA:106,60,1,0
FN:118,System.Boolean ConectaAtende.Infrastructure.DataStructures.CustomHashTable`2::ContainsKey(TKey)
FNDA:0,System.Boolean ConectaAtende.Infrastructure.DataStructures.CustomHashTable`2::ContainsKey(TKey)
DA:119,0
DA:120,0
DA:121,0
DA:123,0
DA:124,0
DA:126,0
DA:127,0
BRDA:120,12,0,0
BRDA:120,12,1,0
BRDA:126,36,0,0
BRDA:126,36,1,0
FN:132,System.Int32 ConectaAtende.Infrastructure.DataStructures.CustomHashTable`2::GetBucketIndex(TKey)
FNDA:0,System.Int32 ConectaAtende.Infrastructure.DataStructures.CustomHashTable`2::GetBucketIndex(TKey)
DA:133,0
DA:134,0
DA:136,0
DA:137,0
FN:142,System.Void ConectaAtende.Infrastructure.DataStructures.CustomHashTable`2::Rehash()
FNDA:0,System.Void ConectaAtende.Infrastructure.DataStructures.CustomHashTable`2::Rehash()
DA:143,0
DA:144,0
DA:145,0
DA:146,0
DA:147,0
DA:149,0
DA:150,0
DA:151,0
DA:152,0
DA:153,0
DA:154,0
DA:155,0
DA:156,0
DA:157,0
DA:158,0
DA:159,0
BRDA:149,146,1,0
BRDA:151,66,0,0
BRDA:153,119,1,0
BRDA:153,119,0,0
BRDA:151,66,1,0
BRDA:149,146,0,0
FN:175,System.Collections.IEnumerator ConectaAtende.Infrastructure.DataStructures.CustomHashTable`2::System.Collections.IEnumerable.GetEnumerator()
FNDA:0,System.Collections.IEnumerator ConectaAtende.Infrastructure.DataStructures.CustomHashTable`2::System.Collections.IEnumerable.GetEnumerator()
DA:176,0
DA:177,0
DA:178,0
FN:21,System.Void ConectaAtende.Infrastructure.DataStructures.CustomHashTable`2::.ctor(System.Int32)
FNDA:0,System.Void ConectaAtende.Infrastructure.DataStructures.CustomHashTable`2::.ctor(System.Int32)
DA:22,0
DA:23,0
DA:24,0
DA:25,0
DA:26,0
DA:27,0
FN:161,System.Boolean ConectaAtende.Infrastructure.DataStructures.CustomHashTable`2/<GetEnumerator>d__16::MoveNext()
FNDA:0,System.Boolean ConectaAtende.Infrastructure.DataStructures.CustomHashTable`2/<GetEnumerator>d__16::MoveNext()
DA:162,0
DA:163,0
DA:164,0
DA:165,0
DA:166,0
DA:167,0
DA:168,0
DA:169,0
DA:170,0
DA:171,0
DA:172,0
DA:173,0
BRDA:163,258,1,0
BRDA:165,101,0,0
BRDA:167,205,1,0
BRDA:167,205,0,0
BRDA:165,101,1,0
BRDA:163,258,0,0
FN:189,System.Void ConectaAtende.Infrastructure.DataStructures.Bucket`2::Add(TKey,TValue)
FNDA:0,System.Void ConectaAtende.Infrastructure.DataStructures.Bucket`2::Add(TKey,TValue)
DA:190,0
DA:191,0
DA:192,0
FN:194,ConectaAtende.Infrastructure.DataStructures.HashEntry`2<TKey,TValue> ConectaAtende.Infrastructure.DataStructures.Bucket`2::Find(TKey)
FNDA:0,ConectaAtende.Infrastructure.DataStructures.HashEntry`2<TKey,TValue> ConectaAtende.Infrastructure.DataStructures.Bucket`2::Find(TKey)
DA:195,0
DA:196,0
DA:197,0
FN:199,System.Boolean ConectaAtende.Infrastructure.DataStructures.Bucket`2::Remove(TKey)
FNDA:0,System.Boolean ConectaAtende.Infrastructure.DataStructures.Bucket`2::Remove(TKey)
DA:200,0
DA:201,0
DA:202,0
DA:203,0
DA:204,0
DA:206,0
DA:207,0
BRDA:202,44,0,0
BRDA:202,44,1,0
FN:217,System.Collections.IEnumerator ConectaAtende.Infrastructure.DataStructures.Bucket`2::System.Collections.IEnumerable.GetEnumerator()
FNDA:0,System.Collections.IEnumerator ConectaAtende.Infrastructure.DataStructures.Bucket`2::System.Collections.IEnumerable.GetEnumerator()
DA:218,0
DA:219,0
DA:220,0
FN:186,System.Void ConectaAtende.Infrastructure.DataStructures.Bucket`2::.ctor()
FNDA:0,System.Void ConectaAtende.Infrastructure.DataStructures.Bucket`2::.ctor()
DA:187,0
FN:209,System.Boolean ConectaAtende.Infrastructure.DataStructures.Bucket`2/<GetEnumerator>d__4::MoveNext()
FNDA:0,System.Boolean ConectaAtende.Infrastructure.DataStructures.Bucket`2/<GetEnumerator>d__4::MoveNext()
DA:210,0
DA:211,0
DA:212,0
DA:213,0
DA:214,0
DA:215,0
BRDA:211,159,1,0
BRDA:211,159,0,0
FN:228,TKey ConectaAtende.Infrastructure.DataStructures.HashEntry`2::get_Key()
FNDA:0,TKey ConectaAtende.Infrastructure.DataStructures.HashEntry`2::get_Key()
DA:229,0
FN:229,TValue ConectaAtende.Infrastructure.DataStructures.HashEntry`2::get_Value()
FNDA:0,TValue ConectaAtende.Infrastructure.DataStructures.HashEntry`2::get_Value()
DA:230,0
FN:231,System.Void ConectaAtende.Infrastructure.DataStructures.HashEntry`2::.ctor(TKey,TValue)
FNDA:0,System.Void ConectaAtende.Infrastructure.DataStructures.HashEntry`2::.ctor(TKey,TValue)
DA:232,0
DA:233,0
DA:234,0
DA:235,0
DA:236,0
LF:131
LH:0
BRF:40
BRH:0
FNF:20
FNH:0
end_of_record
SF:C:\Users\yran\Desktop\ConectaAtende-API-\src\ConectaAtende.Infrastructure\DataStructures\HashTableComparison.cs
FN:13,ConectaAtende.Infrastructure.DataStructures.ComparisonResult ConectaAtende.Infrastructure.DataStructures.HashTableComparison::ComparePerformance(System.Int32)
FNDA:0,ConectaAtende.Infrastructure.DataStructures.ComparisonResult ConectaAtende.Infrastructure.DataStructures.HashTableComparison::ComparePerformance(System.Int32)
DA:14,0
DA:15,0
DA:16,0
DA:17,0
DA:20,0
DA:21,0
DA:22,0
DA:23,0
DA:24,0
DA:27,0
DA:28,0
DA:29,0
DA:30,0
DA:31,0
DA:32,0
DA:33,0
DA:34,0
DA:36,0
DA:37,0
DA:38,0
DA:39,0
DA:40,0
DA:41,0
DA:42,0
DA:44,0
DA:45,0
DA:46,0
DA:47,0
DA:48,0
DA:49,0
DA:50,0
DA:53,0
DA:54,0
DA:55,0
DA:56,0
DA:57,0
DA:58,0
DA:59,0
DA:60,0
DA:62,0
DA:63,0
DA:64,0
DA:65,0
DA:66,0
DA:67,0
DA:68,0
DA:70,0
DA:71,0
DA:72,0
DA:73,0
DA:74,0
DA:75,0
DA:76,0
DA:78,0
DA:79,0
DA:80,0
DA:81,0
DA:82,0
DA:83,0
DA:84,0
DA:85,0
DA:86,0
DA:87,0
DA:88,0
DA:89,0
DA:90,0
DA:91,0
DA:92,0
DA:93,0
DA:94,0
DA:95,0
DA:96,0
DA:97,0
DA:98,0
BRDA:20,177,1,0
BRDA:20,177,0,0
BRDA:30,58,1,0
BRDA:30,58,0,0
BRDA:38,48,1,0
BRDA:38,48,0,0
BRDA:46,48,1,0
BRDA:46,48,0,0
BRDA:56,58,1,0
BRDA:56,58,0,0
BRDA:64,48,1,0
BRDA:64,48,0,0
BRDA:72,48,1,0
BRDA:72,48,0,0
FN:100,System.Int64 ConectaAtende.Infrastructure.DataStructures.HashTableComparison::MeasureTime(System.Action)
FNDA:0,System.Int64 ConectaAtende.Infrastructure.DataStructures.HashTableComparison::MeasureTime(System.Action)
DA:101,0
DA:102,0
DA:103,0
DA:104,0
DA:105,0
DA:106,0
FN:110,System.Int32 ConectaAtende.Infrastructure.DataStructures.ComparisonResult::get_ItemCount()
FNDA:0,System.Int32 ConectaAtende.Infrastructure.DataStructures.ComparisonResult::get_ItemCount()
DA:111,0
FN:111,ConectaAtende.Infrastructure.DataStructures.PerformanceMetrics ConectaAtende.Infrastructure.DataStructures.ComparisonResult::get_CustomHashTable()
FNDA:0,ConectaAtende.Infrastructure.DataStructures.PerformanceMetrics ConectaAtende.Infrastructure.DataStructures.ComparisonResult::get_CustomHashTable()
DA:112,0
FN:112,ConectaAtende.Infrastructure.DataStructures.PerformanceMetrics ConectaAtende.Infrastructure.DataStructures.ComparisonResult::get_StandardDictionary()
FNDA:0,ConectaAtende.Infrastructure.DataStructures.PerformanceMetrics ConectaAtende.Infrastructure.DataStructures.ComparisonResult::get_StandardDictionary()
DA:113,0
FN:117,System.Int64 ConectaAtende.Infrastructure.DataStructures.PerformanceMetrics::get_InsertTime()
FNDA:0,System.Int64 ConectaAtende.Infrastructure.DataStructures.PerformanceMetrics::get_InsertTime()
DA:118,0
FN:118,System.Int64 ConectaAtende.Infrastructure.DataStructures.PerformanceMetrics::get_SearchTime()
FNDA:0,System.Int64 ConectaAtende.Infrastructure.DataStructures.PerformanceMetrics::get_SearchTime()
DA:119,0
FN:119,System.Int64 ConectaAtende.Infrastructure.DataStructures.PerformanceMetrics::get_RemoveTime()
FNDA:0,System.Int64 ConectaAtende.Infrastructure.DataStructures.PerformanceMetrics::get_RemoveTime()
DA:120,0
FN:120,System.Int32 ConectaAtende.Infrastructure.DataStructures.PerformanceMetrics::get_FinalCount()
FNDA:0,System.Int32 ConectaAtende.Infrastructure.DataStructures.PerformanceMetrics::get_FinalCount()
DA:121,0
FN:121,System.Int32 ConectaAtende.Infrastructure.DataStructures.PerformanceMetrics::get_Capacity()
FNDA:0,System.Int32 ConectaAtende.Infrastructure.DataStructures.PerformanceMetrics::get_Capacity()
DA:122,0
LF:88
LH:0
BRF:14
BRH:0
FNF:10
FNH:0
end_of_record